<?xml version="1.0" encoding="UTF-8"?>
<!-- Generated by org.testng.reporters.JUnitReportReporter -->
<testsuite hostname="DESKTOP-3AINKN4" failures="0" tests="2" name="SAMPLE1.Assertionn" time="0.026" errors="0" timestamp="2024-08-28T09:55:36 IST" skipped="0">
  <testcase classname="SAMPLE1.Assertionn" name="containsLevelComparison" time="0.020"/>
  <system-out/>
  <testcase classname="SAMPLE1.Assertionn" name="softAssertStrictComparison" time="0.006"/>
  <system-out/>
</testsuite> <!-- SAMPLE1.Assertionn -->
