<?xml version="1.0" encoding="UTF-8"?>
<!-- Generated by org.testng.reporters.JUnitReportReporter -->
<testsuite hostname="DESKTOP-3AINKN4" failures="0" tests="2" name="SAMPLE1.SAMPLE" time="0.012" errors="0" timestamp="2024-08-27T15:53:13 IST" skipped="0">
  <testcase classname="SAMPLE1.SAMPLE" name="createUser" time="0.010"/>
  <system-out/>
  <testcase classname="SAMPLE1.SAMPLE" name="modifyUser" time="0.002"/>
  <system-out/>
</testsuite> <!-- SAMPLE1.SAMPLE -->
